0 info it worked if it ends with ok
1 verbose cli [ '/usr/bin/node', '/usr/bin/npm', 'run', 'start:dev' ]
2 info using npm@3.5.2
3 info using node@v8.10.0
4 verbose run-script [ 'prestart:dev', 'start:dev', 'poststart:dev' ]
5 info lifecycle fp@1.0.0~prestart:dev: fp@1.0.0
6 silly lifecycle fp@1.0.0~prestart:dev: no script for prestart:dev, continuing
7 info lifecycle fp@1.0.0~start:dev: fp@1.0.0
8 verbose lifecycle fp@1.0.0~start:dev: unsafe-perm in lifecycle true
9 verbose lifecycle fp@1.0.0~start:dev: PATH: /usr/share/npm/bin/node-gyp-bin:/mnt/c/Users/alexp/Documents/College Classes/MQP/dragonfly-js/dragonfly-js/node_modules/.bin:/usr/local/sbin:/usr/local/bin:/usr/sbin:/usr/bin:/sbin:/bin:/usr/games:/usr/local/games:/mnt/c/app/alexp/product/18.0.0/dbhomeXE/bin:/mnt/c/Program Files (x86)/Common Files/Oracle/Java/javapath:/mnt/c/Windows/System32:/mnt/c/Windows:/mnt/c/Windows/System32/wbem:/mnt/c/Windows/System32/WindowsPowerShell/v1.0:/mnt/c/Windows/System32/OpenSSH:/mnt/c/Program Files/NVIDIA Corporation/NVIDIA NvDLISR:/mnt/c/Program Files (x86)/NVIDIA Corporation/PhysX/Common:/mnt/c/Program Files/PuTTY:/mnt/c/Users/alexp/AppData/Local/Microsoft/WindowsApps:/mnt/c/Users/alexp/AppData/Local/Programs/Microsoft VS Code/bin:/mnt/c/Program Files/JetBrains/IntelliJ IDEA 2019.2.3/bin:/snap/bin
10 verbose lifecycle fp@1.0.0~start:dev: CWD: /mnt/c/Users/alexp/Documents/College Classes/MQP/dragonfly-js/dragonfly-js
11 silly lifecycle fp@1.0.0~start:dev: Args: [ '-c', 'nodemon dist/server/main.js' ]
12 info lifecycle fp@1.0.0~start:dev: Failed to exec start:dev script
13 verbose stack Error: fp@1.0.0 start:dev: `nodemon dist/server/main.js`
13 verbose stack spawn ENOENT
13 verbose stack     at ChildProcess.<anonymous> (/usr/share/npm/lib/utils/spawn.js:17:16)
13 verbose stack     at emitTwo (events.js:126:13)
13 verbose stack     at ChildProcess.emit (events.js:214:7)
13 verbose stack     at maybeClose (internal/child_process.js:925:16)
13 verbose stack     at Process.ChildProcess._handle.onexit (internal/child_process.js:209:5)
14 verbose pkgid fp@1.0.0
15 verbose cwd /mnt/c/Users/alexp/Documents/College Classes/MQP/dragonfly-js/dragonfly-js
16 error Linux 4.4.0-17763-Microsoft
17 error argv "/usr/bin/node" "/usr/bin/npm" "run" "start:dev"
18 error node v8.10.0
19 error npm  v3.5.2
20 error file sh
21 error code ELIFECYCLE
22 error errno ENOENT
23 error syscall spawn
24 error fp@1.0.0 start:dev: `nodemon dist/server/main.js`
24 error spawn ENOENT
25 error Failed at the fp@1.0.0 start:dev script 'nodemon dist/server/main.js'.
25 error Make sure you have the latest version of node.js and npm installed.
25 error If you do, this is most likely a problem with the fp package,
25 error not with npm itself.
25 error Tell the author that this fails on your system:
25 error     nodemon dist/server/main.js
25 error You can get information on how to open an issue for this project with:
25 error     npm bugs fp
25 error Or if that isn't available, you can get their info via:
25 error     npm owner ls fp
25 error There is likely additional logging output above.
26 verbose exit [ 1, true ]
